<?xml version="1.0" encoding="UTF-8"?>
<!-- Generated by org.testng.reporters.JUnitXMLReporter -->
<testsuite hostname="DESKTOP-BPUDIPS" ignored="0" name="Default test" tests="3" failures="0" timestamp="2022-05-13T11:38:49 IST" time="46.715" errors="0">
  <testcase name="runTestScripts" time="5.46" classname="com.sg.driver.DriverScript"/>
  <testcase name="runTestScripts" time="11.012" classname="com.sg.driver.DriverScript"/>
  <testcase name="runTestScripts" time="29.797" classname="com.sg.driver.DriverScript"/>
</testsuite> <!-- Default test -->
