<?xml version="1.0" encoding="UTF-8"?>
<!-- Generated by org.testng.reporters.JUnitXMLReporter -->
<testsuite hostname="DESKTOP-BPUDIPS" ignored="0" name="Execute Test" tests="3" failures="0" timestamp="2022-05-14T13:50:29 IST" time="41.318" errors="0">
  <testcase name="runTestScripts" time="5.731" classname="com.sg.driver.DriverScript"/>
  <testcase name="runTestScripts" time="10.395" classname="com.sg.driver.DriverScript"/>
  <testcase name="runTestScripts" time="24.653" classname="com.sg.driver.DriverScript"/>
</testsuite> <!-- Execute Test -->
