<?xml version="1.0" encoding="UTF-8"?>
<testng-results skipped="0" failed="0" ignored="0" total="3" passed="3">
  <reporter-output>
  </reporter-output>
  <suite name="Default suite" duration-ms="46715" started-at="2022-05-13T11:38:02 IST" finished-at="2022-05-13T11:38:49 IST">
    <groups>
    </groups>
    <test name="Default test" duration-ms="46715" started-at="2022-05-13T11:38:02 IST" finished-at="2022-05-13T11:38:49 IST">
      <class name="com.sg.driver.DriverScript">
        <test-method status="PASS" signature="loadClassFile()[pri:0, instance:com.sg.driver.DriverScript@32d2fa64]" name="loadClassFile" is-config="true" duration-ms="109" started-at="2022-05-13T11:38:02 IST" finished-at="2022-05-13T11:38:02 IST">
          <reporter-output>
          </reporter-output>
        </test-method> <!-- loadClassFile -->
        <test-method status="PASS" signature="runTestScripts(java.util.Map)[pri:0, instance:com.sg.driver.DriverScript@32d2fa64]" name="runTestScripts" duration-ms="5460" started-at="2022-05-13T11:38:03 IST" data-provider="testData" finished-at="2022-05-13T11:38:08 IST">
          <params>
            <param index="0">
              <value>
                <![CDATA[{ExecuteTest=Yes, Status=PASS, ClassName=com.sg.testScripts.UserModuleScripts, TestCaseID=SRS_101, ScriptName=TS_loginLogout}]]>
              </value>
            </param>
          </params>
          <reporter-output>
          </reporter-output>
        </test-method> <!-- runTestScripts -->
        <test-method status="PASS" signature="runTestScripts(java.util.Map)[pri:0, instance:com.sg.driver.DriverScript@32d2fa64]" name="runTestScripts" duration-ms="11012" started-at="2022-05-13T11:38:08 IST" data-provider="testData" finished-at="2022-05-13T11:38:19 IST">
          <params>
            <param index="0">
              <value>
                <![CDATA[{ExecuteTest=Yes, Status=, ClassName=com.sg.testScripts.UserModuleScripts, TestCaseID=SRS_102, ScriptName=TS_CreateAndDeleteUser}]]>
              </value>
            </param>
          </params>
          <reporter-output>
          </reporter-output>
        </test-method> <!-- runTestScripts -->
        <test-method status="PASS" signature="runTestScripts(java.util.Map)[pri:0, instance:com.sg.driver.DriverScript@32d2fa64]" name="runTestScripts" duration-ms="29797" started-at="2022-05-13T11:38:19 IST" data-provider="testData" finished-at="2022-05-13T11:38:49 IST">
          <params>
            <param index="0">
              <value>
                <![CDATA[{ExecuteTest=Yes, Status=, ClassName=com.sg.testScripts.UserModuleScripts, TestCaseID=SRS_103, ScriptName=TS_VerifyLoginWithNewUser_DeleteUser}]]>
              </value>
            </param>
          </params>
          <reporter-output>
          </reporter-output>
        </test-method> <!-- runTestScripts -->
      </class> <!-- com.sg.driver.DriverScript -->
    </test> <!-- Default test -->
  </suite> <!-- Default suite -->
</testng-results>
